TensorFlow Version: 1.5.0-rc0
Default GPU Device: /device:GPU:0
Tests Passed
Tests Passed
Tests Passed
Tests Passed
Tests Passed
EPOCH 1
Loss: 1.8809
Loss: 1.4314
Loss: 1.4144
Loss: 1.3262
Loss: 1.2210
Loss: 1.1506
Loss: 1.1233
Loss: 1.0984
Loss: 1.0839
Loss: 1.0569
Loss: 1.0392
Loss: 1.0217
Loss: 0.9974
Loss: 0.9863
Loss: 0.9794
Loss: 0.9527
Loss: 0.9505
Loss: 0.9416
Loss: 0.9053

EPOCH 2
Loss: 0.9034
Loss: 0.8892
Loss: 0.8815
Loss: 0.8576
Loss: 0.8514
Loss: 0.8334
Loss: 0.8248
Loss: 0.8038
Loss: 0.7869
Loss: 0.7727
Loss: 0.7714
Loss: 0.7548
Loss: 0.7342
Loss: 0.7058
Loss: 0.7115
Loss: 0.6738
Loss: 0.6591
Loss: 0.6468
Loss: 0.5604

EPOCH 3
Loss: 0.6103
Loss: 0.6184
Loss: 0.6080
Loss: 0.5692
Loss: 0.5699
Loss: 0.5324
Loss: 0.5444
Loss: 0.5513
Loss: 0.5143
Loss: 0.5237
Loss: 0.5053
Loss: 0.4955
Loss: 0.5160
Loss: 0.4688
Loss: 0.4588
Loss: 0.4318
Loss: 0.4240
Loss: 0.4306
Loss: 0.4806

EPOCH 4
Loss: 0.4284
Loss: 0.4632
Loss: 0.4254
Loss: 0.3799
Loss: 0.4708
Loss: 0.4424
Loss: 0.4414
Loss: 0.4042
Loss: 0.4564
Loss: 0.4253
Loss: 0.4104
Loss: 0.4231
Loss: 0.4254
Loss: 0.4073
Loss: 0.4225
Loss: 0.3822
Loss: 0.4207
Loss: 0.3934
Loss: 0.4992

EPOCH 5
Loss: 0.3819
Loss: 0.3743
Loss: 0.3614
Loss: 0.3605
Loss: 0.3632
Loss: 0.3811
Loss: 0.3585
Loss: 0.3786
Loss: 0.3573
Loss: 0.3451
Loss: 0.3545
Loss: 0.3571
Loss: 0.3773
Loss: 0.3639
Loss: 0.3923
Loss: 0.3527
Loss: 0.3506
Loss: 0.3698
Loss: 0.3179

EPOCH 6
Loss: 0.3173
Loss: 0.3315
Loss: 0.3507
Loss: 0.3585
Loss: 0.3121
Loss: 0.3429
Loss: 0.3383
Loss: 0.3813
Loss: 0.3022
Loss: 0.3503
Loss: 0.3106
Loss: 0.3394
Loss: 0.3336
Loss: 0.3190
Loss: 0.3258
Loss: 0.3420
Loss: 0.3310
Loss: 0.3302
Loss: 0.3458

EPOCH 7
Loss: 0.3176
Loss: 0.2985
Loss: 0.3085
Loss: 0.3103
Loss: 0.3240
Loss: 0.3171
Loss: 0.2911
Loss: 0.3152
Loss: 0.3203
Loss: 0.3094
Loss: 0.3328
Loss: 0.3459
Loss: 0.2999
Loss: 0.3021
Loss: 0.3035
Loss: 0.3091
Loss: 0.2812
Loss: 0.2917
Loss: 0.2700

EPOCH 8
Loss: 0.2894
Loss: 0.2744
Loss: 0.3179
Loss: 0.3063
Loss: 0.3134
Loss: 0.2870
Loss: 0.3105
Loss: 0.3120
Loss: 0.3010
Loss: 0.3005
Loss: 0.3241
Loss: 0.2804
Loss: 0.3024
Loss: 0.2857
Loss: 0.2971
Loss: 0.2912
Loss: 0.3069
Loss: 0.2663
Loss: 0.2185

EPOCH 9
Loss: 0.2730
Loss: 0.2867
Loss: 0.2680
Loss: 0.2865
Loss: 0.2864
Loss: 0.2770
Loss: 0.2814
Loss: 0.2742
Loss: 0.2926
Loss: 0.2891
Loss: 0.2547
Loss: 0.2708
Loss: 0.2801
Loss: 0.2669
Loss: 0.2603
Loss: 0.2776
Loss: 0.2673
Loss: 0.2926
Loss: 0.3318

EPOCH 10
Loss: 0.3150
Loss: 0.2825
Loss: 0.2792
Loss: 0.3097
Loss: 0.2867
Loss: 0.2812
Loss: 0.2999
Loss: 0.2933
Loss: 0.2815
Loss: 0.2973
Loss: 0.2761
Loss: 0.3049
Loss: 0.2574
Loss: 0.2706
Loss: 0.2593
Loss: 0.2610
Loss: 0.2712
Loss: 0.2788
Loss: 0.2434

EPOCH 11
Loss: 0.2663
Loss: 0.2628
Loss: 0.2429
Loss: 0.2886
Loss: 0.2524
Loss: 0.2684
Loss: 0.2432
Loss: 0.2730
Loss: 0.2569
Loss: 0.2510
Loss: 0.2791
Loss: 0.2628
Loss: 0.2632
Loss: 0.2525
Loss: 0.2798
Loss: 0.2730
Loss: 0.2606
Loss: 0.2662
Loss: 0.3014

EPOCH 12
Loss: 0.2430
Loss: 0.2573
Loss: 0.2787
Loss: 0.2631
Loss: 0.2398
Loss: 0.2422
Loss: 0.2568
Loss: 0.2585
Loss: 0.2408
Loss: 0.2644
Loss: 0.2668
Loss: 0.2525
Loss: 0.2544
Loss: 0.2487
Loss: 0.2546
Loss: 0.2377
Loss: 0.2475
Loss: 0.2511
Loss: 0.2214

EPOCH 13
Loss: 0.2400
Loss: 0.2528
Loss: 0.2319
Loss: 0.2520
Loss: 0.2432
Loss: 0.2280
Loss: 0.2461
Loss: 0.2341
Loss: 0.2430
Loss: 0.2440
Loss: 0.2690
Loss: 0.2393
Loss: 0.2298
Loss: 0.2369
Loss: 0.2503
Loss: 0.2356
Loss: 0.2315
Loss: 0.2531
Loss: 0.2260

EPOCH 14
Loss: 0.2274
Loss: 0.2261
Loss: 0.2507
Loss: 0.2223
Loss: 0.2277
Loss: 0.2217
Loss: 0.2502
Loss: 0.2392
Loss: 0.2493
Loss: 0.2380
Loss: 0.2413
Loss: 0.2382
Loss: 0.2189
Loss: 0.2286
Loss: 0.2377
Loss: 0.2130
Loss: 0.2608
Loss: 0.2233
Loss: 0.3251

EPOCH 15
Loss: 0.2508
Loss: 0.2259
Loss: 0.2378
Loss: 0.2440
Loss: 0.2261
Loss: 0.2358
Loss: 0.2340
Loss: 0.2275
Loss: 0.2335
Loss: 0.2239
Loss: 0.2066
Loss: 0.2458
Loss: 0.2344
Loss: 0.2473
Loss: 0.2355
Loss: 0.2331
Loss: 0.2196
Loss: 0.2229
Loss: 0.2120

EPOCH 16
Loss: 0.2171
Loss: 0.2340
Loss: 0.2208
Loss: 0.2197
Loss: 0.2236
Loss: 0.2358
Loss: 0.2181
Loss: 0.2386
Loss: 0.2199
Loss: 0.2245
Loss: 0.2218
Loss: 0.2431
Loss: 0.2310
Loss: 0.2162
Loss: 0.2214
Loss: 0.2156
Loss: 0.2206
Loss: 0.2214
Loss: 0.1866

EPOCH 17
Loss: 0.2212
Loss: 0.2082
Loss: 0.2202
Loss: 0.2085
Loss: 0.2366
Loss: 0.2139
Loss: 0.2297
Loss: 0.2224
Loss: 0.2120
Loss: 0.2385
Loss: 0.2162
Loss: 0.2236
Loss: 0.2129
Loss: 0.2264
Loss: 0.2141
Loss: 0.2082
Loss: 0.2138
Loss: 0.2125
Loss: 0.2588

EPOCH 18
Loss: 0.2188
Loss: 0.2159
Loss: 0.2190
Loss: 0.2219
Loss: 0.2180
Loss: 0.2256
Loss: 0.2145
Loss: 0.2207
Loss: 0.2304
Loss: 0.2269
Loss: 0.1992
Loss: 0.2232
Loss: 0.2072
Loss: 0.2236
Loss: 0.2271
Loss: 0.2245
Loss: 0.2178
Loss: 0.2057
Loss: 0.2360

EPOCH 19
Loss: 0.2499
Loss: 0.2878
Loss: 0.2173
Loss: 0.2454
Loss: 0.2449
Loss: 0.2419
Loss: 0.2508
Loss: 0.2456
Loss: 0.2621
Loss: 0.2627
Loss: 0.2242
Loss: 0.2355
Loss: 0.2338
Loss: 0.2502
Loss: 0.2201
Loss: 0.2439
Loss: 0.2364
Loss: 0.2257
Loss: 0.2842

EPOCH 20
Loss: 0.2295
Loss: 0.2490
Loss: 0.2217
Loss: 0.2152
Loss: 0.2274
Loss: 0.2330
Loss: 0.2291
Loss: 0.2201
Loss: 0.2246
Loss: 0.2188
Loss: 0.2151
Loss: 0.2248
Loss: 0.2124
Loss: 0.2065
Loss: 0.2212
Loss: 0.2402
Loss: 0.2175
Loss: 0.2183
Loss: 0.2040

EPOCH 21
Loss: 0.2243
Loss: 0.2186
Loss: 0.2049
Loss: 0.2082
Loss: 0.2165
Loss: 0.2069
Loss: 0.2188
Loss: 0.2154
Loss: 0.2071
Loss: 0.2136
Loss: 0.2088
Loss: 0.2099
Loss: 0.2224
Loss: 0.1999
Loss: 0.2104
Loss: 0.2075
Loss: 0.2082
Loss: 0.2101
Loss: 0.2204

EPOCH 22
Loss: 0.2134
Loss: 0.2124
Loss: 0.2110
Loss: 0.2139
Loss: 0.2203
Loss: 0.2143
Loss: 0.2025
Loss: 0.2116
Loss: 0.2059
Loss: 0.2024
Loss: 0.2125
Loss: 0.2061
Loss: 0.2048
Loss: 0.1954
Loss: 0.2001
Loss: 0.2017
Loss: 0.2085
Loss: 0.2072
Loss: 0.1778

EPOCH 23
Loss: 0.2007
Loss: 0.2319
Loss: 0.2027
Loss: 0.2051
Loss: 0.1999
Loss: 0.2015
Loss: 0.2010
Loss: 0.2060
Loss: 0.1990
Loss: 0.2146
Loss: 0.2221
Loss: 0.1984
Loss: 0.2072
Loss: 0.2012
Loss: 0.1984
Loss: 0.1964
Loss: 0.2017
Loss: 0.1926
Loss: 0.1743

EPOCH 24
Loss: 0.1928
Loss: 0.1981
Loss: 0.2056
Loss: 0.1940
Loss: 0.2094
Loss: 0.2040
Loss: 0.2069
Loss: 0.2091
Loss: 0.2069
Loss: 0.2071
Loss: 0.2036
Loss: 0.2036
Loss: 0.2030
Loss: 0.1917
Loss: 0.2041
Loss: 0.2148
Loss: 0.1883
Loss: 0.1984
Loss: 0.1948

EPOCH 25
Loss: 0.2029
Loss: 0.1909
Loss: 0.1937
Loss: 0.2051
Loss: 0.1925
Loss: 0.1895
Loss: 0.2121
Loss: 0.1921
Loss: 0.2074
Loss: 0.2064
Loss: 0.1905
Loss: 0.1960
Loss: 0.1969
Loss: 0.2026
Loss: 0.2003
Loss: 0.2001
Loss: 0.2123
Loss: 0.1952
Loss: 0.1864

EPOCH 26
Loss: 0.2013
Loss: 0.1929
Loss: 0.1938
Loss: 0.1988
Loss: 0.1941
Loss: 0.2015
Loss: 0.1961
Loss: 0.2038
Loss: 0.2053
Loss: 0.1992
Loss: 0.1936
Loss: 0.1898
Loss: 0.1817
Loss: 0.1999
Loss: 0.1868
Loss: 0.1951
Loss: 0.1877
Loss: 0.2043
Loss: 0.2375

EPOCH 27
Loss: 0.1973
Loss: 0.1909
Loss: 0.2013
Loss: 0.1918
Loss: 0.1908
Loss: 0.1915
Loss: 0.1989
Loss: 0.1999
Loss: 0.1970
Loss: 0.1985
Loss: 0.2015
Loss: 0.1939
Loss: 0.1913
Loss: 0.1963
Loss: 0.1871
Loss: 0.2075
Loss: 0.1964
Loss: 0.1874
Loss: 0.2069

EPOCH 28
Loss: 0.1969
Loss: 0.1976
Loss: 0.1876
Loss: 0.1934
Loss: 0.1916
Loss: 0.1909
Loss: 0.1991
Loss: 0.1880
Loss: 0.1815
Loss: 0.1925
Loss: 0.1885
Loss: 0.2005
Loss: 0.1896
Loss: 0.1909
Loss: 0.1933
Loss: 0.1875
Loss: 0.2013
Loss: 0.1871
Loss: 0.2108

EPOCH 29
Loss: 0.1994
Loss: 0.1908
Loss: 0.1954
Loss: 0.1853
Loss: 0.1897
Loss: 0.1887
Loss: 0.2090
Loss: 0.1837
Loss: 0.1856
Loss: 0.1856
Loss: 0.1929
Loss: 0.1878
Loss: 0.1944
Loss: 0.1841
Loss: 0.1787
Loss: 0.1815
Loss: 0.1916
Loss: 0.1892
Loss: 0.1883

EPOCH 30
Loss: 0.1868
Loss: 0.1827
Loss: 0.1875
Loss: 0.1867
Loss: 0.2028
Loss: 0.1917
Loss: 0.1865
Loss: 0.1908
Loss: 0.1926
Loss: 0.1874
Loss: 0.1814
Loss: 0.1890
Loss: 0.1832
Loss: 0.1863
Loss: 0.1911
Loss: 0.1807
Loss: 0.1885
Loss: 0.1890
Loss: 0.1656

EPOCH 31
Loss: 0.2004
Loss: 0.1880
Loss: 0.1840
Loss: 0.1861
Loss: 0.1887
Loss: 0.1885
Loss: 0.1780
Loss: 0.1894
Loss: 0.2013
Loss: 0.1855
Loss: 0.1809
Loss: 0.1783
Loss: 0.1894
Loss: 0.1836
Loss: 0.1795
Loss: 0.1921
Loss: 0.1872
Loss: 0.1784
Loss: 0.1658

EPOCH 32
Loss: 0.1885
Loss: 0.1874
Loss: 0.1826
Loss: 0.1866
Loss: 0.1800
Loss: 0.1743
Loss: 0.1917
Loss: 0.1892
Loss: 0.1860
Loss: 0.1806
Loss: 0.1817
Loss: 0.1895
Loss: 0.1842
Loss: 0.1790
Loss: 0.1833
Loss: 0.1895
Loss: 0.1825
Loss: 0.1862
Loss: 0.1771

EPOCH 33
Loss: 0.1898
Loss: 0.1868
Loss: 0.1780
Loss: 0.1815
Loss: 0.1810
Loss: 0.1838
Loss: 0.2001
Loss: 0.1731
Loss: 0.1720
Loss: 0.1861
Loss: 0.1758
Loss: 0.1848
Loss: 0.1789
Loss: 0.1924
Loss: 0.1875
Loss: 0.1763
Loss: 0.1839
Loss: 0.1850
Loss: 0.2071

EPOCH 34
Loss: 0.1901
Loss: 0.1765
Loss: 0.1751
Loss: 0.1786
Loss: 0.1917
Loss: 0.1816
Loss: 0.1849
Loss: 0.1825
Loss: 0.1855
Loss: 0.1791
Loss: 0.1975
Loss: 0.1836
Loss: 0.1853
Loss: 0.1810
Loss: 0.1795
Loss: 0.1799
Loss: 0.1877
Loss: 0.1853
Loss: 0.1575

EPOCH 35
Loss: 0.1841
Loss: 0.1942
Loss: 0.1785
Loss: 0.1963
Loss: 0.1863
Loss: 0.1856
Loss: 0.1917
Loss: 0.1976
Loss: 0.1915
Loss: 0.1810
Loss: 0.1844
Loss: 0.1871
Loss: 0.1914
Loss: 0.1920
Loss: 0.1809
Loss: 0.1843
Loss: 0.1992
Loss: 0.1844
Loss: 0.1795

EPOCH 36
Loss: 0.2022
Loss: 0.1798
Loss: 0.1797
Loss: 0.1879
Loss: 0.1847
Loss: 0.1807
Loss: 0.1754
Loss: 0.1841
Loss: 0.1797
Loss: 0.1858
Loss: 0.1824
Loss: 0.1768
Loss: 0.1656
Loss: 0.1818
Loss: 0.1795
Loss: 0.1816
Loss: 0.1875
Loss: 0.1841
Loss: 0.1574

EPOCH 37
Loss: 0.1850
Loss: 0.1904
Loss: 0.1773
Loss: 0.1879
Loss: 0.1867
Loss: 0.1792
Loss: 0.1828
Loss: 0.1899
Loss: 0.1801
Loss: 0.1792
Loss: 0.1744
Loss: 0.1721
Loss: 0.1682
Loss: 0.1789
Loss: 0.1749
Loss: 0.1794
Loss: 0.1753
Loss: 0.1731
Loss: 0.1594

EPOCH 38
Loss: 0.1733
Loss: 0.1701
Loss: 0.1749
Loss: 0.1852
Loss: 0.1772
Loss: 0.1866
Loss: 0.1793
Loss: 0.1742
Loss: 0.1746
Loss: 0.1781
Loss: 0.1810
Loss: 0.1719
Loss: 0.1775
Loss: 0.1734
Loss: 0.1734
Loss: 0.1689
Loss: 0.1896
Loss: 0.1774
Loss: 0.1556

EPOCH 39
Loss: 0.1698
Loss: 0.1828
Loss: 0.1726
Loss: 0.1744
Loss: 0.1694
Loss: 0.1729
Loss: 0.1778
Loss: 0.1752
Loss: 0.1734
Loss: 0.1726
Loss: 0.1732
Loss: 0.1841
Loss: 0.1766
Loss: 0.1724
Loss: 0.1723
Loss: 0.1615
Loss: 0.1883
Loss: 0.1719
Loss: 0.1755

EPOCH 40
Loss: 0.1691
Loss: 0.1734
Loss: 0.1749
Loss: 0.1694
Loss: 0.1672
Loss: 0.1706
Loss: 0.1838
Loss: 0.1737
Loss: 0.1786
Loss: 0.1847
Loss: 0.1698
Loss: 0.1704
Loss: 0.1765
Loss: 0.1770
Loss: 0.1754
Loss: 0.1798
Loss: 0.1794
Loss: 0.1696
Loss: 0.1812

EPOCH 41
Loss: 0.1793
Loss: 0.1816
Loss: 0.1704
Loss: 0.1799
Loss: 0.1747
Loss: 0.1741
Loss: 0.1666
Loss: 0.1843
Loss: 0.1742
Loss: 0.1725
Loss: 0.1742
Loss: 0.1741
Loss: 0.1793
Loss: 0.1724
Loss: 0.1750
Loss: 0.1765
Loss: 0.1741
Loss: 0.1701
Loss: 0.2284

EPOCH 42
Loss: 0.1750
Loss: 0.1939
Loss: 0.1746
Loss: 0.1882
Loss: 0.1768
Loss: 0.1723
Loss: 0.1743
Loss: 0.1751
Loss: 0.1766
Loss: 0.1762
Loss: 0.1753
Loss: 0.1804
Loss: 0.1790
Loss: 0.1773
Loss: 0.1765
Loss: 0.1878
Loss: 0.1936
Loss: 0.1888
Loss: 0.1509

EPOCH 43
Loss: 0.1853
Loss: 0.1843
Loss: 0.1932
Loss: 0.1700
Loss: 0.1842
Loss: 0.1795
Loss: 0.1838
Loss: 0.1752
Loss: 0.1720
Loss: 0.1699
Loss: 0.1693
Loss: 0.1815
Loss: 0.1849
Loss: 0.1858
Loss: 0.1828
Loss: 0.1746
Loss: 0.1662
Loss: 0.1701
Loss: 0.1802

EPOCH 44
Loss: 0.1720
Loss: 0.1810
Loss: 0.1658
Loss: 0.1739
Loss: 0.1729
Loss: 0.1861
Loss: 0.1703
Loss: 0.1751
Loss: 0.1722
Loss: 0.1654
Loss: 0.1722
Loss: 0.1724
Loss: 0.1663
Loss: 0.1708
Loss: 0.1686
Loss: 0.1716
Loss: 0.1795
Loss: 0.1665
Loss: 0.1462

EPOCH 45
Loss: 0.1725
Loss: 0.1659
Loss: 0.1912
Loss: 0.1662
Loss: 0.1697
Loss: 0.1720
Loss: 0.1718
Loss: 0.1691
Loss: 0.1634
Loss: 0.1652
Loss: 0.1586
Loss: 0.1690
Loss: 0.1693
Loss: 0.1695
Loss: 0.1667
Loss: 0.1690
Loss: 0.1634
Loss: 0.1703
Loss: 0.1816

EPOCH 46
Loss: 0.1631
Loss: 0.1699
Loss: 0.1678
Loss: 0.1695
Loss: 0.1658
Loss: 0.1649
Loss: 0.1617
Loss: 0.1672
Loss: 0.1750
Loss: 0.1606
Loss: 0.1692
Loss: 0.1698
Loss: 0.1710
Loss: 0.1735
Loss: 0.1661
Loss: 0.1712
Loss: 0.1668
Loss: 0.1699
Loss: 0.1659

EPOCH 47
Loss: 0.1641
Loss: 0.1645
Loss: 0.1647
Loss: 0.1733
Loss: 0.1690
Loss: 0.1609
Loss: 0.1613
Loss: 0.1660
Loss: 0.1697
Loss: 0.1667
Loss: 0.1631
Loss: 0.1674
Loss: 0.1641
Loss: 0.1688
Loss: 0.1614
Loss: 0.1701
Loss: 0.1646
Loss: 0.1615
Loss: 0.1437

EPOCH 48
Loss: 0.1548
Loss: 0.1686
Loss: 0.1687
Loss: 0.1702
Loss: 0.1599
Loss: 0.1600
Loss: 0.1712
Loss: 0.1699
Loss: 0.1597
Loss: 0.1654
Loss: 0.1669
Loss: 0.1639
Loss: 0.1641
Loss: 0.1555
Loss: 0.1572
Loss: 0.1677
Loss: 0.1658
Loss: 0.1648
Loss: 0.1634

EPOCH 49
Loss: 0.1572
Loss: 0.1681
Loss: 0.1601
Loss: 0.1641
Loss: 0.1664
Loss: 0.1625
Loss: 0.1617
Loss: 0.1636
Loss: 0.1661
Loss: 0.1700
Loss: 0.1570
Loss: 0.1654
Loss: 0.1646
Loss: 0.1613
Loss: 0.1606
Loss: 0.1658
Loss: 0.1568
Loss: 0.1667
Loss: 0.1476

EPOCH 50
Loss: 0.1586
Loss: 0.1655
Loss: 0.1599
Loss: 0.1686
Loss: 0.1587
Loss: 0.1660
Loss: 0.1629
Loss: 0.1631
Loss: 0.1602
Loss: 0.1653
Loss: 0.1567
Loss: 0.1672
Loss: 0.1627
Loss: 0.1649
Loss: 0.1548
Loss: 0.1565
Loss: 0.1632
Loss: 0.1622
Loss: 0.1728
